<?xml version="1.0" encoding="UTF-8"?>
<!-- Generated by org.testng.reporters.JUnitXMLReporter -->
<testsuite hostname="SAP" ignored="4" name="Test" tests="2" failures="0" timestamp="30 Jan 2018 05:59:43 GMT" time="0.456" errors="0">
  <testcase name="deleteUser" time="0.072" classname="TestNGPkg.Createuser"/>
  <testcase name="editUser" time="0.003" classname="TestNGPkg.Createuser"/>
  <testcase name="createProduct" time="0.0" classname="TestNGPkg.CreateProduct">
    <ignored/>
  </testcase> <!-- createProduct -->
  <testcase name="editProduct" time="0.0" classname="TestNGPkg.CreateProduct">
    <ignored/>
  </testcase> <!-- editProduct -->
  <testcase name="createUser" time="0.0" classname="TestNGPkg.Createuser">
    <ignored/>
  </testcase> <!-- createUser -->
  <testcase name="deleteProduct" time="0.0" classname="TestNGPkg.CreateProduct">
    <ignored/>
  </testcase> <!-- deleteProduct -->
</testsuite> <!-- Test -->
